<?xml version="1.0" encoding="UTF-8"?>
<!-- Generated by org.testng.reporters.JUnitReportReporter -->
<testsuite hostname="Alka" failures="0" tests="1" name="login.TestScript" time="4.077" errors="0" timestamp="2024-06-04T22:09:21 IST" skipped="0">
  <testcase classname="login.TestScript" name="execute" time="4.077"/>
  <system-out>
    <![CDATA[webpage launched]]>
  </system-out>
</testsuite> <!-- login.TestScript -->
